<?xml version="1.0" encoding="UTF-8"?>
<testng-results ignored="0" total="2" passed="2" failed="0" skipped="0">
  <reporter-output>
  </reporter-output>
  <suite started-at="2025-01-31T16:45:10 IST" name="Default suite" finished-at="2025-01-31T16:45:22 IST" duration-ms="12701">
    <groups>
    </groups>
    <test started-at="2025-01-31T16:45:10 IST" name="Default test" finished-at="2025-01-31T16:45:22 IST" duration-ms="12701">
      <class name="TestNG.AssertionsTest">
        <test-method is-config="true" signature="initialiseBrowser()[pri:0, instance:TestNG.AssertionsTest@71d44a3]" started-at="2025-01-31T16:45:10 IST" name="initialiseBrowser" finished-at="2025-01-31T16:45:16 IST" duration-ms="5867" status="PASS">
          <reporter-output>
          </reporter-output>
        </test-method> <!-- initialiseBrowser -->
        <test-method signature="elementCommands()[pri:0, instance:TestNG.AssertionsTest@71d44a3]" started-at="2025-01-31T16:45:16 IST" name="elementCommands" finished-at="2025-01-31T16:45:16 IST" duration-ms="830" status="PASS">
          <reporter-output>
          </reporter-output>
        </test-method> <!-- elementCommands -->
        <test-method is-config="true" signature="driverQuit()[pri:0, instance:TestNG.AssertionsTest@71d44a3]" started-at="2025-01-31T16:45:16 IST" name="driverQuit" finished-at="2025-01-31T16:45:16 IST" duration-ms="1" status="PASS">
          <reporter-output>
          </reporter-output>
        </test-method> <!-- driverQuit -->
        <test-method is-config="true" signature="initialiseBrowser()[pri:0, instance:TestNG.AssertionsTest@71d44a3]" started-at="2025-01-31T16:45:16 IST" name="initialiseBrowser" finished-at="2025-01-31T16:45:22 IST" duration-ms="5380" status="PASS">
          <reporter-output>
          </reporter-output>
        </test-method> <!-- initialiseBrowser -->
        <test-method signature="verifysoftAssert()[pri:0, instance:TestNG.AssertionsTest@71d44a3]" started-at="2025-01-31T16:45:22 IST" name="verifysoftAssert" finished-at="2025-01-31T16:45:22 IST" duration-ms="552" status="PASS">
          <reporter-output>
          </reporter-output>
        </test-method> <!-- verifysoftAssert -->
        <test-method is-config="true" signature="driverQuit()[pri:0, instance:TestNG.AssertionsTest@71d44a3]" started-at="2025-01-31T16:45:22 IST" name="driverQuit" finished-at="2025-01-31T16:45:22 IST" duration-ms="7" status="PASS">
          <reporter-output>
          </reporter-output>
        </test-method> <!-- driverQuit -->
      </class> <!-- TestNG.AssertionsTest -->
    </test> <!-- Default test -->
  </suite> <!-- Default suite -->
</testng-results>
