<?xml version="1.0" encoding="UTF-8"?>
<!-- Generated by org.testng.reporters.JUnitXMLReporter -->
<testsuite ignored="1" hostname="DESKTOP-IHTVDRQ" failures="0" tests="9" name="myTest" time="0.551" errors="0" timestamp="2025-01-29T14:46:38 IST">
  <testcase classname="TestNG.BasicAnnotation" name="testcase01" time="0.028"/>
  <testcase classname="TestNG.BasicAnnotation" name="testcase02" time="0.016"/>
  <testcase classname="TestNG.BasicAnnotation" name="testcase03" time="0.008"/>
  <testcase classname="TestNG.BasicTestcase" name="testcase5" time="0.009"/>
  <testcase classname="TestNG.BasicTestcase" name="testcase4" time="0.004"/>
  <testcase classname="TestNG.BasicTestcase" name="testcase3" time="0.003"/>
  <testcase classname="TestNG.BasicTestcase" name="testcase2" time="0.01"/>
  <testcase classname="TestNG.BeforeAfterMethod" name="testcase1" time="0.05"/>
  <testcase classname="TestNG.BeforeAfterMethod" name="testcase2" time="0.027"/>
  <testcase classname="TestNG.BasicTestcase" name="testcase9" time="0.0">
    <ignored/>
  </testcase> <!-- testcase9 -->
</testsuite> <!-- myTest -->
